<?xml version="1.0" encoding="UTF-8"?>
<testng-results total="1" passed="1" failed="0" skipped="0">
  <reporter-output>
  </reporter-output>
  <suite started-at="2021-10-15T16:47:45Z" name="Sample Test Suite" finished-at="2021-10-15T16:47:56Z" duration-ms="11020">
    <groups>
    </groups>
    <test started-at="2021-10-15T16:47:45Z" name="Test Automation" finished-at="2021-10-15T16:47:56Z" duration-ms="11020">
      <class name="test.java.SampleTest">
        <test-method is-config="true" signature="beforeTestMethod()[pri:0, instance:test.java.SampleTest@53fdffa1]" started-at="2021-10-15T09:47:45Z" name="beforeTestMethod" finished-at="2021-10-15T09:47:46Z" duration-ms="457" status="PASS">
          <reporter-output>
          </reporter-output>
        </test-method> <!-- beforeTestMethod -->
        <test-method is-config="true" signature="beforeMethodMethod(java.lang.String, java.lang.reflect.Method)[pri:0, instance:test.java.SampleTest@53fdffa1]" started-at="2021-10-15T09:47:46Z" name="beforeMethodMethod" finished-at="2021-10-15T09:47:47Z" duration-ms="1469" status="PASS">
          <params>
            <param index="0">
              <value>
                <![CDATA[chrome]]>
              </value>
            </param>
            <param index="1">
              <value>
                <![CDATA[public void test.java.SampleTest.fullTestMethod()]]>
              </value>
            </param>
          </params>
          <reporter-output>
          </reporter-output>
        </test-method> <!-- beforeMethodMethod -->
        <test-method signature="fullTestMethod()[pri:0, instance:test.java.SampleTest@53fdffa1]" started-at="2021-10-15T09:47:47Z" name="fullTestMethod" finished-at="2021-10-15T09:47:56Z" duration-ms="8625" status="PASS">
          <reporter-output>
          </reporter-output>
        </test-method> <!-- fullTestMethod -->
        <test-method is-config="true" signature="afterMethodMethod(org.testng.ITestResult)[pri:0, instance:test.java.SampleTest@53fdffa1]" started-at="2021-10-15T09:47:56Z" name="afterMethodMethod" finished-at="2021-10-15T09:47:56Z" duration-ms="81" status="PASS">
          <params>
            <param index="0">
              <value>
                <![CDATA[[TestResult name=fullTestMethod status=SUCCESS method=SampleTest.fullTestMethod()[pri:0, instance:test.java.SampleTest@53fdffa1] output={null}]]]>
              </value>
            </param>
          </params>
          <reporter-output>
          </reporter-output>
        </test-method> <!-- afterMethodMethod -->
        <test-method is-config="true" signature="afterTestMethod()[pri:0, instance:test.java.SampleTest@53fdffa1]" started-at="2021-10-15T09:47:56Z" name="afterTestMethod" finished-at="2021-10-15T09:47:56Z" duration-ms="182" status="PASS">
          <reporter-output>
          </reporter-output>
        </test-method> <!-- afterTestMethod -->
      </class> <!-- test.java.SampleTest -->
    </test> <!-- Test Automation -->
  </suite> <!-- Sample Test Suite -->
</testng-results>
